\BOOKMARK [0][-]{chapter.1}{\376\377\0001\000\040\000M\000o\000d\000u\000l\000e\000\040\000I\000n\000d\000e\000x}{}% 1
\BOOKMARK [1][-]{section.1.1}{\376\377\0001\000.\0001\000\040\000M\000o\000d\000u\000l\000e\000s}{chapter.1}% 2
\BOOKMARK [0][-]{chapter.2}{\376\377\0002\000\040\000N\000a\000m\000e\000s\000p\000a\000c\000e\000\040\000I\000n\000d\000e\000x}{}% 3
\BOOKMARK [1][-]{section.2.1}{\376\377\0002\000.\0001\000\040\000N\000a\000m\000e\000s\000p\000a\000c\000e\000\040\000L\000i\000s\000t}{chapter.2}% 4
\BOOKMARK [0][-]{chapter.3}{\376\377\0003\000\040\000H\000i\000e\000r\000a\000r\000c\000h\000i\000c\000a\000l\000\040\000I\000n\000d\000e\000x}{}% 5
\BOOKMARK [1][-]{section.3.1}{\376\377\0003\000.\0001\000\040\000C\000l\000a\000s\000s\000\040\000H\000i\000e\000r\000a\000r\000c\000h\000y}{chapter.3}% 6
\BOOKMARK [0][-]{chapter.4}{\376\377\0004\000\040\000C\000l\000a\000s\000s\000\040\000I\000n\000d\000e\000x}{}% 7
\BOOKMARK [1][-]{section.4.1}{\376\377\0004\000.\0001\000\040\000C\000l\000a\000s\000s\000\040\000L\000i\000s\000t}{chapter.4}% 8
\BOOKMARK [0][-]{chapter.5}{\376\377\0005\000\040\000F\000i\000l\000e\000\040\000I\000n\000d\000e\000x}{}% 9
\BOOKMARK [1][-]{section.5.1}{\376\377\0005\000.\0001\000\040\000F\000i\000l\000e\000\040\000L\000i\000s\000t}{chapter.5}% 10
\BOOKMARK [0][-]{chapter.6}{\376\377\0006\000\040\000M\000o\000d\000u\000l\000e\000\040\000D\000o\000c\000u\000m\000e\000n\000t\000a\000t\000i\000o\000n}{}% 11
\BOOKMARK [1][-]{section.6.1}{\376\377\0006\000.\0001\000\040\000U\000i}{chapter.6}% 12
\BOOKMARK [2][-]{subsection.6.1.1}{\376\377\0006\000.\0001\000.\0001\000\040\000D\000e\000t\000a\000i\000l\000e\000d\000\040\000D\000e\000s\000c\000r\000i\000p\000t\000i\000o\000n}{section.6.1}% 13
\BOOKMARK [0][-]{chapter.7}{\376\377\0007\000\040\000N\000a\000m\000e\000s\000p\000a\000c\000e\000\040\000D\000o\000c\000u\000m\000e\000n\000t\000a\000t\000i\000o\000n}{}% 14
\BOOKMARK [1][-]{section.7.1}{\376\377\0007\000.\0001\000\040\000U\000i\000\040\000N\000a\000m\000e\000s\000p\000a\000c\000e\000\040\000R\000e\000f\000e\000r\000e\000n\000c\000e}{chapter.7}% 15
\BOOKMARK [2][-]{subsection.7.1.1}{\376\377\0007\000.\0001\000.\0001\000\040\000D\000e\000t\000a\000i\000l\000e\000d\000\040\000D\000e\000s\000c\000r\000i\000p\000t\000i\000o\000n}{section.7.1}% 16
\BOOKMARK [0][-]{chapter.8}{\376\377\0008\000\040\000C\000l\000a\000s\000s\000\040\000D\000o\000c\000u\000m\000e\000n\000t\000a\000t\000i\000o\000n}{}% 17
\BOOKMARK [1][-]{section.8.1}{\376\377\0008\000.\0001\000\040\000D\000B\000a\000s\000e\000\040\000C\000l\000a\000s\000s\000\040\000R\000e\000f\000e\000r\000e\000n\000c\000e}{chapter.8}% 18
\BOOKMARK [2][-]{subsection.8.1.1}{\376\377\0008\000.\0001\000.\0001\000\040\000D\000e\000t\000a\000i\000l\000e\000d\000\040\000D\000e\000s\000c\000r\000i\000p\000t\000i\000o\000n}{section.8.1}% 19
\BOOKMARK [2][-]{subsection.8.1.2}{\376\377\0008\000.\0001\000.\0002\000\040\000C\000o\000n\000s\000t\000r\000u\000c\000t\000o\000r\000\040\000\046\000\040\000D\000e\000s\000t\000r\000u\000c\000t\000o\000r\000\040\000D\000o\000c\000u\000m\000e\000n\000t\000a\000t\000i\000o\000n}{section.8.1}% 20
\BOOKMARK [3][-]{subsubsection.8.1.2.1}{\376\377\0008\000.\0001\000.\0002\000.\0001\000\040\000D\000B\000a\000s\000e\000\050\000\051}{subsection.8.1.2}% 21
\BOOKMARK [3][-]{subsubsection.8.1.2.2}{\376\377\0008\000.\0001\000.\0002\000.\0002\000\040\000\040\000D\000B\000a\000s\000e\000\050\000\051}{subsection.8.1.2}% 22
\BOOKMARK [2][-]{subsection.8.1.3}{\376\377\0008\000.\0001\000.\0003\000\040\000M\000e\000m\000b\000e\000r\000\040\000F\000u\000n\000c\000t\000i\000o\000n\000\040\000D\000o\000c\000u\000m\000e\000n\000t\000a\000t\000i\000o\000n}{section.8.1}% 23
\BOOKMARK [3][-]{subsubsection.8.1.3.1}{\376\377\0008\000.\0001\000.\0003\000.\0001\000\040\000f\000R\000a\000n\000d\000\050\000\051}{subsection.8.1.3}% 24
\BOOKMARK [3][-]{subsubsection.8.1.3.2}{\376\377\0008\000.\0001\000.\0003\000.\0002\000\040\000g\000e\000n\000e\000r\000a\000t\000e\000S\000a\000m\000p\000l\000e\000D\000a\000t\000a\000\050\000\051}{subsection.8.1.3}% 25
\BOOKMARK [3][-]{subsubsection.8.1.3.3}{\376\377\0008\000.\0001\000.\0003\000.\0003\000\040\000g\000e\000t\000R\000e\000c\000e\000n\000t\000M\000e\000a\000s\000u\000r\000e\000m\000e\000n\000t\000s\000\050\000\051}{subsection.8.1.3}% 26
\BOOKMARK [3][-]{subsubsection.8.1.3.4}{\376\377\0008\000.\0001\000.\0003\000.\0004\000\040\000i\000s\000O\000p\000e\000n\000\050\000\051}{subsection.8.1.3}% 27
\BOOKMARK [3][-]{subsubsection.8.1.3.5}{\376\377\0008\000.\0001\000.\0003\000.\0005\000\040\000r\000o\000u\000n\000d\000\050\000\051}{subsection.8.1.3}% 28
\BOOKMARK [2][-]{subsection.8.1.4}{\376\377\0008\000.\0001\000.\0004\000\040\000M\000e\000m\000b\000e\000r\000\040\000D\000a\000t\000a\000\040\000D\000o\000c\000u\000m\000e\000n\000t\000a\000t\000i\000o\000n}{section.8.1}% 29
\BOOKMARK [3][-]{subsubsection.8.1.4.1}{\376\377\0008\000.\0001\000.\0004\000.\0001\000\040\000m\000e\000a\000s\000u\000r\000e\000m\000e\000n\000t\000s}{subsection.8.1.4}% 30
\BOOKMARK [3][-]{subsubsection.8.1.4.2}{\376\377\0008\000.\0001\000.\0004\000.\0002\000\040\000p\000a\000g\000e}{subsection.8.1.4}% 31
\BOOKMARK [1][-]{section.8.2}{\376\377\0008\000.\0002\000\040\000M\000a\000i\000n\000W\000i\000n\000d\000o\000w\000\040\000C\000l\000a\000s\000s\000\040\000R\000e\000f\000e\000r\000e\000n\000c\000e}{chapter.8}% 32
\BOOKMARK [2][-]{subsection.8.2.1}{\376\377\0008\000.\0002\000.\0001\000\040\000D\000e\000t\000a\000i\000l\000e\000d\000\040\000D\000e\000s\000c\000r\000i\000p\000t\000i\000o\000n}{section.8.2}% 33
\BOOKMARK [2][-]{subsection.8.2.2}{\376\377\0008\000.\0002\000.\0002\000\040\000C\000o\000n\000s\000t\000r\000u\000c\000t\000o\000r\000\040\000\046\000\040\000D\000e\000s\000t\000r\000u\000c\000t\000o\000r\000\040\000D\000o\000c\000u\000m\000e\000n\000t\000a\000t\000i\000o\000n}{section.8.2}% 34
\BOOKMARK [3][-]{subsubsection.8.2.2.1}{\376\377\0008\000.\0002\000.\0002\000.\0001\000\040\000M\000a\000i\000n\000W\000i\000n\000d\000o\000w\000\050\000\051}{subsection.8.2.2}% 35
\BOOKMARK [3][-]{subsubsection.8.2.2.2}{\376\377\0008\000.\0002\000.\0002\000.\0002\000\040\000\040\000M\000a\000i\000n\000W\000i\000n\000d\000o\000w\000\050\000\051}{subsection.8.2.2}% 36
\BOOKMARK [2][-]{subsection.8.2.3}{\376\377\0008\000.\0002\000.\0003\000\040\000M\000e\000m\000b\000e\000r\000\040\000F\000u\000n\000c\000t\000i\000o\000n\000\040\000D\000o\000c\000u\000m\000e\000n\000t\000a\000t\000i\000o\000n}{section.8.2}% 37
\BOOKMARK [3][-]{subsubsection.8.2.3.1}{\376\377\0008\000.\0002\000.\0003\000.\0001\000\040\000a\000d\000d\000I\000t\000e\000m\000T\000o\000G\000r\000i\000d\000L\000a\000y\000o\000u\000t\000\050\000\051}{subsection.8.2.3}% 38
\BOOKMARK [3][-]{subsubsection.8.2.3.2}{\376\377\0008\000.\0002\000.\0003\000.\0002\000\040\000g\000e\000n\000e\000r\000a\000t\000e\000S\000a\000m\000p\000l\000e\000D\000a\000t\000a\000\050\000\051}{subsection.8.2.3}% 39
\BOOKMARK [3][-]{subsubsection.8.2.3.3}{\376\377\0008\000.\0002\000.\0003\000.\0003\000\040\000g\000e\000t\000D\000a\000t\000e\000\050\000\051}{subsection.8.2.3}% 40
\BOOKMARK [3][-]{subsubsection.8.2.3.4}{\376\377\0008\000.\0002\000.\0003\000.\0004\000\040\000n\000e\000x\000t\000B\000u\000t\000t\000o\000n}{subsection.8.2.3}% 41
\BOOKMARK [3][-]{subsubsection.8.2.3.5}{\376\377\0008\000.\0002\000.\0003\000.\0005\000\040\000p\000r\000e\000v\000B\000u\000t\000t\000o\000n}{subsection.8.2.3}% 42
\BOOKMARK [3][-]{subsubsection.8.2.3.6}{\376\377\0008\000.\0002\000.\0003\000.\0006\000\040\000r\000e\000f\000r\000e\000s\000h\000B\000u\000t\000t\000o\000n}{subsection.8.2.3}% 43
\BOOKMARK [3][-]{subsubsection.8.2.3.7}{\376\377\0008\000.\0002\000.\0003\000.\0007\000\040\000r\000e\000m\000o\000v\000e\000I\000t\000e\000m\000F\000r\000o\000m\000G\000r\000i\000d\000L\000a\000y\000o\000u\000t\000\050\000\051}{subsection.8.2.3}% 44
\BOOKMARK [3][-]{subsubsection.8.2.3.8}{\376\377\0008\000.\0002\000.\0003\000.\0008\000\040\000s\000e\000t\000D\000a\000t\000e\000\050\000\051}{subsection.8.2.3}% 45
\BOOKMARK [3][-]{subsubsection.8.2.3.9}{\376\377\0008\000.\0002\000.\0003\000.\0009\000\040\000s\000e\000t\000M\000e\000a\000s\000u\000r\000e\000m\000e\000n\000t\000s\000\050\000\051}{subsection.8.2.3}% 46
\BOOKMARK [3][-]{subsubsection.8.2.3.10}{\376\377\0008\000.\0002\000.\0003\000.\0001\0000\000\040\000s\000e\000t\000u\000p\000B\000u\000t\000t\000o\000n\000\050\000\051}{subsection.8.2.3}% 47
\BOOKMARK [3][-]{subsubsection.8.2.3.11}{\376\377\0008\000.\0002\000.\0003\000.\0001\0001\000\040\000s\000e\000t\000u\000p\000C\000h\000a\000r\000t\000\050\000\051}{subsection.8.2.3}% 48
\BOOKMARK [3][-]{subsubsection.8.2.3.12}{\376\377\0008\000.\0002\000.\0003\000.\0001\0002\000\040\000s\000e\000t\000u\000p\000D\000a\000t\000a\000b\000a\000s\000e\000\050\000\051}{subsection.8.2.3}% 49
\BOOKMARK [3][-]{subsubsection.8.2.3.13}{\376\377\0008\000.\0002\000.\0003\000.\0001\0003\000\040\000s\000e\000t\000u\000p\000W\000i\000n\000d\000o\000w\000\050\000\051}{subsection.8.2.3}% 50
\BOOKMARK [3][-]{subsubsection.8.2.3.14}{\376\377\0008\000.\0002\000.\0003\000.\0001\0004\000\040\000u\000p\000d\000a\000t\000e\000B\000u\000t\000t\000o\000n\000s\000\050\000\051}{subsection.8.2.3}% 51
\BOOKMARK [3][-]{subsubsection.8.2.3.15}{\376\377\0008\000.\0002\000.\0003\000.\0001\0005\000\040\000u\000p\000d\000a\000t\000e\000C\000h\000a\000r\000t\000\050\000\051}{subsection.8.2.3}% 52
\BOOKMARK [2][-]{subsection.8.2.4}{\376\377\0008\000.\0002\000.\0004\000\040\000M\000e\000m\000b\000e\000r\000\040\000D\000a\000t\000a\000\040\000D\000o\000c\000u\000m\000e\000n\000t\000a\000t\000i\000o\000n}{section.8.2}% 53
\BOOKMARK [3][-]{subsubsection.8.2.4.1}{\376\377\0008\000.\0002\000.\0004\000.\0001\000\040\000d\000a\000t\000e\000I\000n\000p\000u\000t\000F\000i\000e\000l\000d}{subsection.8.2.4}% 54
\BOOKMARK [3][-]{subsubsection.8.2.4.2}{\376\377\0008\000.\0002\000.\0004\000.\0002\000\040\000d\000b\000a\000s\000e}{subsection.8.2.4}% 55
\BOOKMARK [3][-]{subsubsection.8.2.4.3}{\376\377\0008\000.\0002\000.\0004\000.\0003\000\040\000u\000i}{subsection.8.2.4}% 56
\BOOKMARK [1][-]{section.8.3}{\376\377\0008\000.\0003\000\040\000D\000B\000a\000s\000e\000:\000:\000m\000e\000a\000s\000u\000r\000e\000m\000e\000n\000t\000\040\000S\000t\000r\000u\000c\000t\000\040\000R\000e\000f\000e\000r\000e\000n\000c\000e}{chapter.8}% 57
\BOOKMARK [1][-]{section.8.4}{\376\377\0008\000.\0004\000\040\000W\000C\000h\000a\000r\000t\000\040\000C\000l\000a\000s\000s\000\040\000R\000e\000f\000e\000r\000e\000n\000c\000e}{chapter.8}% 58
\BOOKMARK [2][-]{subsection.8.4.1}{\376\377\0008\000.\0004\000.\0001\000\040\000D\000e\000t\000a\000i\000l\000e\000d\000\040\000D\000e\000s\000c\000r\000i\000p\000t\000i\000o\000n}{section.8.4}% 59
\BOOKMARK [2][-]{subsection.8.4.2}{\376\377\0008\000.\0004\000.\0002\000\040\000C\000o\000n\000s\000t\000r\000u\000c\000t\000o\000r\000\040\000\046\000\040\000D\000e\000s\000t\000r\000u\000c\000t\000o\000r\000\040\000D\000o\000c\000u\000m\000e\000n\000t\000a\000t\000i\000o\000n}{section.8.4}% 60
\BOOKMARK [3][-]{subsubsection.8.4.2.1}{\376\377\0008\000.\0004\000.\0002\000.\0001\000\040\000W\000C\000h\000a\000r\000t\000\050\000\051}{subsection.8.4.2}% 61
\BOOKMARK [3][-]{subsubsection.8.4.2.2}{\376\377\0008\000.\0004\000.\0002\000.\0002\000\040\000\040\000W\000C\000h\000a\000r\000t\000\050\000\051}{subsection.8.4.2}% 62
\BOOKMARK [2][-]{subsection.8.4.3}{\376\377\0008\000.\0004\000.\0003\000\040\000M\000e\000m\000b\000e\000r\000\040\000F\000u\000n\000c\000t\000i\000o\000n\000\040\000D\000o\000c\000u\000m\000e\000n\000t\000a\000t\000i\000o\000n}{section.8.4}% 63
\BOOKMARK [3][-]{subsubsection.8.4.3.1}{\376\377\0008\000.\0004\000.\0003\000.\0001\000\040\000g\000e\000t\000M\000a\000x\000R\000a\000n\000g\000e\000Y\000A\000x\000i\000s\000\050\000\051}{subsection.8.4.3}% 64
\BOOKMARK [3][-]{subsubsection.8.4.3.2}{\376\377\0008\000.\0004\000.\0003\000.\0002\000\040\000g\000e\000t\000M\000i\000n\000R\000a\000n\000g\000e\000Y\000A\000x\000i\000s\000\050\000\051}{subsection.8.4.3}% 65
\BOOKMARK [3][-]{subsubsection.8.4.3.3}{\376\377\0008\000.\0004\000.\0003\000.\0003\000\040\000g\000e\000t\000T\000i\000t\000l\000e\000C\000h\000a\000r\000t\000\050\000\051}{subsection.8.4.3}% 66
\BOOKMARK [3][-]{subsubsection.8.4.3.4}{\376\377\0008\000.\0004\000.\0003\000.\0004\000\040\000g\000e\000t\000T\000i\000t\000l\000e\000X\000A\000x\000i\000s\000\050\000\051}{subsection.8.4.3}% 67
\BOOKMARK [3][-]{subsubsection.8.4.3.5}{\376\377\0008\000.\0004\000.\0003\000.\0005\000\040\000g\000e\000t\000T\000i\000t\000l\000e\000Y\000A\000x\000i\000s\000\050\000\051}{subsection.8.4.3}% 68
\BOOKMARK [3][-]{subsubsection.8.4.3.6}{\376\377\0008\000.\0004\000.\0003\000.\0006\000\040\000g\000e\000t\000T\000y\000p\000e\000\050\000\051}{subsection.8.4.3}% 69
\BOOKMARK [3][-]{subsubsection.8.4.3.7}{\376\377\0008\000.\0004\000.\0003\000.\0007\000\040\000r\000e\000n\000d\000e\000r\000\050\000\051}{subsection.8.4.3}% 70
\BOOKMARK [3][-]{subsubsection.8.4.3.8}{\376\377\0008\000.\0004\000.\0003\000.\0008\000\040\000s\000e\000t\000A\000x\000e\000s\000T\000i\000c\000k\000C\000o\000u\000n\000t\000\050\000\051}{subsection.8.4.3}% 71
\BOOKMARK [3][-]{subsubsection.8.4.3.9}{\376\377\0008\000.\0004\000.\0003\000.\0009\000\040\000s\000e\000t\000D\000a\000t\000a\000\050\000\051}{subsection.8.4.3}% 72
\BOOKMARK [3][-]{subsubsection.8.4.3.10}{\376\377\0008\000.\0004\000.\0003\000.\0001\0000\000\040\000s\000e\000t\000R\000a\000n\000g\000e\000Y\000A\000x\000i\000s\000\050\000\051}{subsection.8.4.3}% 73
\BOOKMARK [3][-]{subsubsection.8.4.3.11}{\376\377\0008\000.\0004\000.\0003\000.\0001\0001\000\040\000s\000e\000t\000T\000y\000p\000e\000\050\000\051}{subsection.8.4.3}% 74
\BOOKMARK [0][-]{chapter.9}{\376\377\0009\000\040\000F\000i\000l\000e\000\040\000D\000o\000c\000u\000m\000e\000n\000t\000a\000t\000i\000o\000n}{}% 75
\BOOKMARK [1][-]{section.9.1}{\376\377\0009\000.\0001\000\040\000w\000e\000e\000r\000s\000t\000a\000t\000i\000o\000n\000/\000d\000b\000a\000s\000e\000.\000h\000\040\000F\000i\000l\000e\000\040\000R\000e\000f\000e\000r\000e\000n\000c\000e}{chapter.9}% 76
\BOOKMARK [2][-]{subsection.9.1.1}{\376\377\0009\000.\0001\000.\0001\000\040\000D\000e\000t\000a\000i\000l\000e\000d\000\040\000D\000e\000s\000c\000r\000i\000p\000t\000i\000o\000n}{section.9.1}% 77
\BOOKMARK [1][-]{section.9.2}{\376\377\0009\000.\0002\000\040\000w\000e\000e\000r\000s\000t\000a\000t\000i\000o\000n\000/\000m\000a\000i\000n\000w\000i\000n\000d\000o\000w\000.\000h\000\040\000F\000i\000l\000e\000\040\000R\000e\000f\000e\000r\000e\000n\000c\000e}{chapter.9}% 78
\BOOKMARK [2][-]{subsection.9.2.1}{\376\377\0009\000.\0002\000.\0001\000\040\000D\000e\000t\000a\000i\000l\000e\000d\000\040\000D\000e\000s\000c\000r\000i\000p\000t\000i\000o\000n}{section.9.2}% 79
\BOOKMARK [1][-]{section.9.3}{\376\377\0009\000.\0003\000\040\000w\000e\000e\000r\000s\000t\000a\000t\000i\000o\000n\000/\000w\000c\000h\000a\000r\000t\000.\000h\000\040\000F\000i\000l\000e\000\040\000R\000e\000f\000e\000r\000e\000n\000c\000e}{chapter.9}% 80
\BOOKMARK [2][-]{subsection.9.3.1}{\376\377\0009\000.\0003\000.\0001\000\040\000D\000e\000t\000a\000i\000l\000e\000d\000\040\000D\000e\000s\000c\000r\000i\000p\000t\000i\000o\000n}{section.9.3}% 81
\BOOKMARK [0][-]{section*.18}{\376\377\000I\000n\000d\000e\000x}{}% 82
